2024-11-06 13:19:41.366 [info] Added views:outline in workbench.view.explorer
2024-11-06 13:19:41.366 [info] Added views:workbench.view.search in workbench.view.search
2024-11-06 13:19:41.366 [info] Added views:workbench.scm in workbench.view.scm
2024-11-06 13:19:41.366 [info] Added views:workbench.panel.markers.view in workbench.panel.markers
2024-11-06 13:19:41.366 [info] Added views:workbench.panel.output in workbench.panel.output
2024-11-06 13:19:41.366 [info] Added views:terminal in terminal
2024-11-06 13:19:41.367 [info] Added views:timeline in workbench.view.explorer
2024-11-06 13:19:41.367 [info] Added views:workbench.explorer.emptyView in workbench.view.explorer
2024-11-06 13:19:42.190 [info] Added views:workbench.debug.welcome in workbench.view.debug
2024-11-06 13:19:42.344 [info] Added views:~remote.forwardedPorts in ~remote.forwardedPortsContainer
2024-11-06 13:19:42.389 [info] Added views:workbench.panel.repl.view in workbench.panel.repl
2024-11-06 13:19:43.802 [info] Added views:workbench.views.extensions.installed,workbench.views.extensions.popular,extensions.recommendedList in workbench.view.extensions
2024-11-06 13:19:43.804 [info] Removed views:workbench.views.extensions.popular from workbench.view.extensions
2024-11-06 13:19:44.017 [info] Added views:workbench.views.extensions.popular in workbench.view.extensions
2024-11-06 13:19:48.153 [info] Removed views:extensions.recommendedList,workbench.views.extensions.popular,workbench.views.extensions.installed from workbench.view.extensions
2024-11-06 13:19:48.165 [info] Added views:workbench.views.extensions.marketplace in workbench.view.extensions
2024-11-06 13:21:19.071 [info] Added views:outline in workbench.view.explorer
2024-11-06 13:21:19.071 [info] Added views:workbench.view.search in workbench.view.search
2024-11-06 13:21:19.071 [info] Added views:workbench.scm in workbench.view.scm
2024-11-06 13:21:19.071 [info] Added views:workbench.panel.markers.view in workbench.panel.markers
2024-11-06 13:21:19.071 [info] Added views:workbench.panel.output in workbench.panel.output
2024-11-06 13:21:19.071 [info] Added views:terminal in terminal
2024-11-06 13:21:19.071 [info] Added views:timeline in workbench.view.explorer
2024-11-06 13:21:19.071 [info] Added views:workbench.explorer.fileView in workbench.view.explorer
2024-11-06 13:21:19.347 [info] Added views:workbench.debug.variablesView,workbench.debug.watchExpressionsView,workbench.debug.callStackView,workbench.debug.breakPointsView in workbench.view.debug
2024-11-06 13:21:19.897 [info] Added views:~remote.forwardedPorts in ~remote.forwardedPortsContainer
2024-11-06 13:21:19.926 [info] Added views:workbench.panel.repl.view in workbench.panel.repl
2024-11-06 13:21:19.928 [info] Removed views:workbench.debug.breakPointsView,workbench.debug.callStackView,workbench.debug.watchExpressionsView,workbench.debug.variablesView from workbench.view.debug
2024-11-06 13:21:19.929 [info] Added views:workbench.debug.welcome in workbench.view.debug
