2024-11-02T06:04:03.844Z 0: 

----------------------------------------------
2024-11-02T06:04:03.855Z 1: Discord starting: {"releaseChannel":"stable","version":"0.0.72"}, modulepath: /home/antonio/.config/discord/0.0.72/modules
2024-11-02T06:04:03.863Z 2: ✅ webContents.created web1 "index.html"
2024-11-02T06:04:03.868Z 3: ✅ window.created win1 "discord"
2024-11-02T06:04:33.878Z 4: ❌ child-process-gone {
  type: 'GPU',
  reason: 'abnormal-exit',
  exitCode: 512,
  serviceName: 'GPU'
}
2024-11-02T06:04:54.750Z 5: ✅ webContents.created web2 ""
2024-11-02T06:04:54.756Z 6: ✅ window.created win2 "Discord"
2024-11-02T06:05:04.078Z 7: ❌ child-process-gone {
  type: 'GPU',
  reason: 'abnormal-exit',
  exitCode: 512,
  serviceName: 'GPU'
}
2024-11-02T06:05:04.280Z 8: ✅ webContents.did-finish-load web1
2024-11-02T06:05:06.279Z 9: ✅ webContents.did-finish-load web2
2024-11-02T06:05:06.380Z 10: window.close win1
2024-11-02T06:05:34.321Z 11: webContents.destroyed web1
2024-11-02T06:05:34.327Z 12: window.closed win1
2024-11-02T06:05:34.331Z 13: ❌ child-process-gone {
  type: 'GPU',
  reason: 'abnormal-exit',
  exitCode: 512,
  serviceName: 'GPU'
}
2024-11-02T06:23:15.630Z 14: window.close win2
2024-11-02T06:23:20.059Z 15: before-quit
2024-11-02T06:23:20.069Z 16: window.close win2
2024-11-02T06:23:21.188Z 17: webContents.destroyed web2
2024-11-02T06:23:21.264Z 18: window.closed win2
