2024-11-06 13:19:42.714 [info] [main] Log level: Info
2024-11-06 13:19:42.714 [info] [main] Validating found git in: "git"
2024-11-06 13:19:42.714 [info] [main] Using git "2.47.0" from "git"
2024-11-06 13:19:42.714 [info] [Model][doInitialScan] Initial repository scan started
2024-11-06 13:19:42.714 [info] [Model][doInitialScan] Initial repository scan completed - repositories (0), closed repositories (0), parent repositories (0), unsafe repositories (0)
2024-11-06 13:21:22.281 [info] [main] Log level: Info
2024-11-06 13:21:22.281 [info] [main] Validating found git in: "git"
2024-11-06 13:21:22.281 [info] [main] Using git "2.47.0" from "git"
2024-11-06 13:21:22.281 [info] [Model][doInitialScan] Initial repository scan started
2024-11-06 13:21:22.281 [info] > git rev-parse --show-toplevel [120ms]
2024-11-06 13:21:22.281 [info] fatal: not a git repository (or any parent up to mount point /)
Stopping at filesystem boundary (GIT_DISCOVERY_ACROSS_FILESYSTEM not set).
2024-11-06 13:21:22.281 [info] > git rev-parse --show-toplevel [2ms]
2024-11-06 13:21:22.281 [info] fatal: not a git repository (or any parent up to mount point /)
Stopping at filesystem boundary (GIT_DISCOVERY_ACROSS_FILESYSTEM not set).
2024-11-06 13:21:22.288 [info] > git rev-parse --show-toplevel [1ms]
2024-11-06 13:21:22.288 [info] fatal: not a git repository (or any parent up to mount point /)
Stopping at filesystem boundary (GIT_DISCOVERY_ACROSS_FILESYSTEM not set).
2024-11-06 13:21:22.295 [info] > git rev-parse --show-toplevel [2ms]
2024-11-06 13:21:22.295 [info] fatal: not a git repository (or any parent up to mount point /)
Stopping at filesystem boundary (GIT_DISCOVERY_ACROSS_FILESYSTEM not set).
2024-11-06 13:21:22.301 [info] > git rev-parse --show-toplevel [1ms]
2024-11-06 13:21:22.301 [info] fatal: not a git repository (or any parent up to mount point /)
Stopping at filesystem boundary (GIT_DISCOVERY_ACROSS_FILESYSTEM not set).
2024-11-06 13:21:22.307 [info] > git rev-parse --show-toplevel [1ms]
2024-11-06 13:21:22.307 [info] fatal: not a git repository (or any parent up to mount point /)
Stopping at filesystem boundary (GIT_DISCOVERY_ACROSS_FILESYSTEM not set).
2024-11-06 13:21:22.312 [info] > git rev-parse --show-toplevel [1ms]
2024-11-06 13:21:22.312 [info] fatal: not a git repository (or any parent up to mount point /)
Stopping at filesystem boundary (GIT_DISCOVERY_ACROSS_FILESYSTEM not set).
2024-11-06 13:21:22.318 [info] > git rev-parse --show-toplevel [0ms]
2024-11-06 13:21:22.318 [info] fatal: not a git repository (or any parent up to mount point /)
Stopping at filesystem boundary (GIT_DISCOVERY_ACROSS_FILESYSTEM not set).
2024-11-06 13:21:22.322 [info] > git rev-parse --show-toplevel [1ms]
2024-11-06 13:21:22.323 [info] fatal: not a git repository (or any parent up to mount point /)
Stopping at filesystem boundary (GIT_DISCOVERY_ACROSS_FILESYSTEM not set).
2024-11-06 13:21:22.328 [info] > git rev-parse --show-toplevel [1ms]
2024-11-06 13:21:22.328 [info] fatal: not a git repository (or any parent up to mount point /)
Stopping at filesystem boundary (GIT_DISCOVERY_ACROSS_FILESYSTEM not set).
2024-11-06 13:21:22.328 [info] [Model][doInitialScan] Initial repository scan completed - repositories (0), closed repositories (0), parent repositories (0), unsafe repositories (0)
